Base path: '/Applications/Unity/Hub/Editor/2019.4.25f1c1/Unity.app/Contents', plugins path '/Applications/Unity/Hub/Editor/2019.4.25f1c1/Unity.app/Contents/PlaybackEngines'
Cmd: initializeCompiler
Cmd: preprocess
  insize=4166 outsize=2204 ok=1
Cmd: preprocess
  insize=13876 outsize=2276 ok=1
Cmd: preprocess
  insize=1682 outsize=294 ok=1
Cmd: preprocess
  insize=2652 outsize=662 ok=1
Cmd: preprocess
  insize=28398 outsize=4024 ok=1
Cmd: preprocess
  insize=1357 outsize=260 ok=1
Cmd: preprocess
  insize=4788 outsize=753 ok=1
Cmd: preprocess
  insize=41282 outsize=4245 ok=1
Cmd: preprocess
  insize=22762 outsize=3583 ok=1
Cmd: preprocess
  insize=3965 outsize=884 ok=1
Cmd: preprocess
  insize=9909 outsize=1071 ok=1
Cmd: preprocess
  insize=9917 outsize=1077 ok=1
Cmd: preprocess
  insize=25829 outsize=3695 ok=1
Cmd: preprocess
  insize=25135 outsize=3976 ok=1
Cmd: preprocess
  insize=25730 outsize=4647 ok=1
Cmd: preprocess
  insize=2489 outsize=646 ok=1
Cmd: preprocess
  insize=23289 outsize=3353 ok=1
Cmd: preprocess
  insize=11809 outsize=1401 ok=1
Cmd: compileSnippet
  api=14 type=0 insize=13909 outsize=5109 kw=_RECEIVE_SHADOWS _EmissionPointOff pd=UNITY_NO_DXT5nm UNITY_ENABLE_REFLECTION_BUFFERS UNITY_NO_CUBEMAP_ARRAY UNITY_NO_SCREENSPACE_SHADOWS UNITY_PBS_USE_BRDF2 SHADER_API_DESKTOP UNITY_COLORSPACE_GAMMA UNITY_LIGHTMAP_DLDR_ENCODING ok=1
Cmd: compileSnippet
  api=14 type=1 insize=13909 outsize=18263 kw=_RECEIVE_SHADOWS _EmissionPointOff pd=UNITY_NO_DXT5nm UNITY_ENABLE_REFLECTION_BUFFERS UNITY_NO_CUBEMAP_ARRAY UNITY_NO_SCREENSPACE_SHADOWS UNITY_PBS_USE_BRDF2 SHADER_API_DESKTOP UNITY_COLORSPACE_GAMMA UNITY_LIGHTMAP_DLDR_ENCODING ok=1
Cmd: preprocess
  insize=4166 outsize=2204 ok=1
Cmd: preprocess
  insize=13876 outsize=2276 ok=1
Cmd: preprocess
  insize=2652 outsize=662 ok=1
Cmd: preprocess
  insize=28398 outsize=4024 ok=1
Cmd: preprocess
  insize=4788 outsize=753 ok=1
Cmd: preprocess
  insize=41282 outsize=4245 ok=1
Cmd: preprocess
  insize=22762 outsize=3583 ok=1
Cmd: preprocess
  insize=3965 outsize=884 ok=1
Cmd: preprocess
  insize=9909 outsize=1071 ok=1
Cmd: preprocess
  insize=9917 outsize=1077 ok=1
Cmd: preprocess
  insize=25829 outsize=3695 ok=1
Cmd: preprocess
  insize=25135 outsize=3976 ok=1
Cmd: preprocess
  insize=25730 outsize=4647 ok=1
Cmd: preprocess
  insize=2489 outsize=646 ok=1
Cmd: preprocess
  insize=23289 outsize=3353 ok=1
Cmd: preprocess
  insize=11809 outsize=1401 ok=1
Cmd: preprocess
  insize=4166 outsize=2204 ok=1
Cmd: preprocess
  insize=13876 outsize=2276 ok=1
Cmd: preprocess
  insize=2652 outsize=662 ok=1
Cmd: preprocess
  insize=28398 outsize=4024 ok=1
Cmd: preprocess
  insize=4788 outsize=753 ok=1
Cmd: preprocess
  insize=41282 outsize=4245 ok=1
Cmd: preprocess
  insize=22762 outsize=3583 ok=1
Cmd: preprocess
  insize=3965 outsize=884 ok=1
Cmd: preprocess
  insize=9909 outsize=1071 ok=1
Cmd: preprocess
  insize=9917 outsize=1077 ok=1
Cmd: preprocess
  insize=25829 outsize=3695 ok=1
Cmd: preprocess
  insize=25135 outsize=3976 ok=1
Cmd: preprocess
  insize=25730 outsize=4647 ok=1
Cmd: preprocess
  insize=2489 outsize=646 ok=1
Cmd: preprocess
  insize=23289 outsize=3353 ok=1
Cmd: preprocess
  insize=11809 outsize=1401 ok=1
Cmd: preprocess
  insize=25730 outsize=4647 ok=1
Cmd: compileSnippet
  api=14 type=0 insize=13909 outsize=5109 kw=_RECEIVE_SHADOWS _CASCADE_BLEND_SOFT _DIRECTIONAL_PCF5 _EmissionPointOff pd=UNITY_NO_DXT5nm UNITY_ENABLE_REFLECTION_BUFFERS UNITY_NO_CUBEMAP_ARRAY UNITY_NO_SCREENSPACE_SHADOWS UNITY_PBS_USE_BRDF2 SHADER_API_DESKTOP UNITY_COLORSPACE_GAMMA UNITY_LIGHTMAP_DLDR_ENCODING ok=1
Cmd: compileSnippet
  api=14 type=1 insize=13909 outsize=29017 kw=_RECEIVE_SHADOWS _CASCADE_BLEND_SOFT _DIRECTIONAL_PCF5 _EmissionPointOff pd=UNITY_NO_DXT5nm UNITY_ENABLE_REFLECTION_BUFFERS UNITY_NO_CUBEMAP_ARRAY UNITY_NO_SCREENSPACE_SHADOWS UNITY_PBS_USE_BRDF2 SHADER_API_DESKTOP UNITY_COLORSPACE_GAMMA UNITY_LIGHTMAP_DLDR_ENCODING ok=1
Cmd: preprocess
  insize=25760 outsize=4647 ok=1
Cmd: compileSnippet
  api=14 type=0 insize=13939 outsize=5109 kw=_RECEIVE_SHADOWS _CASCADE_BLEND_SOFT _DIRECTIONAL_PCF5 _EmissionPointOff pd=UNITY_NO_DXT5nm UNITY_ENABLE_REFLECTION_BUFFERS UNITY_NO_CUBEMAP_ARRAY UNITY_NO_SCREENSPACE_SHADOWS UNITY_PBS_USE_BRDF2 SHADER_API_DESKTOP UNITY_COLORSPACE_GAMMA UNITY_LIGHTMAP_DLDR_ENCODING ok=1
Cmd: compileSnippet
  api=14 type=1 insize=13939 outsize=29017 kw=_RECEIVE_SHADOWS _CASCADE_BLEND_SOFT _DIRECTIONAL_PCF5 _EmissionPointOff pd=UNITY_NO_DXT5nm UNITY_ENABLE_REFLECTION_BUFFERS UNITY_NO_CUBEMAP_ARRAY UNITY_NO_SCREENSPACE_SHADOWS UNITY_PBS_USE_BRDF2 SHADER_API_DESKTOP UNITY_COLORSPACE_GAMMA UNITY_LIGHTMAP_DLDR_ENCODING ok=1
Cmd: preprocess
  insize=4166 outsize=2204 ok=1
Cmd: preprocess
  insize=13876 outsize=2276 ok=1
Cmd: preprocess
  insize=2652 outsize=662 ok=1
Cmd: preprocess
  insize=28398 outsize=4024 ok=1
Cmd: preprocess
  insize=4788 outsize=753 ok=1
Cmd: preprocess
  insize=41282 outsize=4245 ok=1
Cmd: preprocess
  insize=22762 outsize=3583 ok=1
Cmd: preprocess
  insize=3965 outsize=884 ok=1
Cmd: preprocess
  insize=9909 outsize=1071 ok=1
Cmd: preprocess
  insize=9917 outsize=1077 ok=1
Cmd: preprocess
  insize=25829 outsize=3695 ok=1
Cmd: preprocess
  insize=25135 outsize=3976 ok=1
Cmd: preprocess
  insize=25760 outsize=4647 ok=1
Cmd: preprocess
  insize=2489 outsize=646 ok=1
Cmd: preprocess
  insize=23289 outsize=3353 ok=1
Cmd: preprocess
  insize=11809 outsize=1401 ok=1
Cmd: compileSnippet
  api=14 type=0 insize=13939 outsize=5109 kw=_RECEIVE_SHADOWS _CASCADE_BLEND_SOFT _DIRECTIONAL_PCF5 _EmissionPointOff pd=UNITY_NO_DXT5nm UNITY_ENABLE_REFLECTION_BUFFERS UNITY_NO_CUBEMAP_ARRAY UNITY_NO_SCREENSPACE_SHADOWS UNITY_PBS_USE_BRDF2 SHADER_API_DESKTOP UNITY_COLORSPACE_GAMMA UNITY_LIGHTMAP_DLDR_ENCODING ok=1
Cmd: compileSnippet
  api=14 type=1 insize=13939 outsize=29017 kw=_RECEIVE_SHADOWS _CASCADE_BLEND_SOFT _DIRECTIONAL_PCF5 _EmissionPointOff pd=UNITY_NO_DXT5nm UNITY_ENABLE_REFLECTION_BUFFERS UNITY_NO_CUBEMAP_ARRAY UNITY_NO_SCREENSPACE_SHADOWS UNITY_PBS_USE_BRDF2 SHADER_API_DESKTOP UNITY_COLORSPACE_GAMMA UNITY_LIGHTMAP_DLDR_ENCODING ok=1
Cmd: preprocess
  insize=4166 outsize=2204 ok=1
Cmd: preprocess
  insize=13876 outsize=2276 ok=1
Cmd: preprocess
  insize=2652 outsize=662 ok=1
Cmd: preprocess
  insize=28398 outsize=4024 ok=1
Cmd: preprocess
  insize=4788 outsize=753 ok=1
Cmd: preprocess
  insize=41282 outsize=4245 ok=1
Cmd: preprocess
  insize=22762 outsize=3583 ok=1
Cmd: preprocess
  insize=3965 outsize=884 ok=1
Cmd: preprocess
  insize=9909 outsize=1071 ok=1
Cmd: preprocess
  insize=9917 outsize=1077 ok=1
Cmd: preprocess
  insize=25829 outsize=3695 ok=1
Cmd: preprocess
  insize=25135 outsize=3976 ok=1
Cmd: preprocess
  insize=25760 outsize=4647 ok=1
Cmd: preprocess
  insize=2489 outsize=646 ok=1
Cmd: preprocess
  insize=23289 outsize=3353 ok=1
Cmd: preprocess
  insize=11809 outsize=1401 ok=1
Cmd: compileSnippet
  api=14 type=0 insize=13939 outsize=5109 kw=_RECEIVE_SHADOWS _CASCADE_BLEND_SOFT _DIRECTIONAL_PCF5 _EmissionPointOff pd=UNITY_NO_DXT5nm UNITY_ENABLE_REFLECTION_BUFFERS UNITY_NO_CUBEMAP_ARRAY UNITY_NO_SCREENSPACE_SHADOWS UNITY_PBS_USE_BRDF2 SHADER_API_DESKTOP UNITY_COLORSPACE_GAMMA UNITY_LIGHTMAP_DLDR_ENCODING ok=1
Cmd: compileSnippet
  api=14 type=1 insize=13939 outsize=29017 kw=_RECEIVE_SHADOWS _CASCADE_BLEND_SOFT _DIRECTIONAL_PCF5 _EmissionPointOff pd=UNITY_NO_DXT5nm UNITY_ENABLE_REFLECTION_BUFFERS UNITY_NO_CUBEMAP_ARRAY UNITY_NO_SCREENSPACE_SHADOWS UNITY_PBS_USE_BRDF2 SHADER_API_DESKTOP UNITY_COLORSPACE_GAMMA UNITY_LIGHTMAP_DLDR_ENCODING ok=1
Cmd: preprocess
  insize=25730 outsize=4647 ok=1
Cmd: compileSnippet
  api=14 type=0 insize=13909 outsize=5109 kw=_RECEIVE_SHADOWS _CASCADE_BLEND_SOFT _DIRECTIONAL_PCF5 _EmissionPointOff pd=UNITY_NO_DXT5nm UNITY_ENABLE_REFLECTION_BUFFERS UNITY_NO_CUBEMAP_ARRAY UNITY_NO_SCREENSPACE_SHADOWS UNITY_PBS_USE_BRDF2 SHADER_API_DESKTOP UNITY_COLORSPACE_GAMMA UNITY_LIGHTMAP_DLDR_ENCODING ok=1
Cmd: compileSnippet
  api=14 type=1 insize=13909 outsize=29017 kw=_RECEIVE_SHADOWS _CASCADE_BLEND_SOFT _DIRECTIONAL_PCF5 _EmissionPointOff pd=UNITY_NO_DXT5nm UNITY_ENABLE_REFLECTION_BUFFERS UNITY_NO_CUBEMAP_ARRAY UNITY_NO_SCREENSPACE_SHADOWS UNITY_PBS_USE_BRDF2 SHADER_API_DESKTOP UNITY_COLORSPACE_GAMMA UNITY_LIGHTMAP_DLDR_ENCODING ok=1
Cmd: preprocess
  insize=25690 outsize=4646 ok=1
Cmd: compileSnippet
  api=14 type=0 insize=13869 outsize=5109 kw=_RECEIVE_SHADOWS _CASCADE_BLEND_SOFT _DIRECTIONAL_PCF5 _EmissionPointOff pd=UNITY_NO_DXT5nm UNITY_ENABLE_REFLECTION_BUFFERS UNITY_NO_CUBEMAP_ARRAY UNITY_NO_SCREENSPACE_SHADOWS UNITY_PBS_USE_BRDF2 SHADER_API_DESKTOP UNITY_COLORSPACE_GAMMA UNITY_LIGHTMAP_DLDR_ENCODING ok=1
Cmd: compileSnippet
  api=14 type=1 insize=13869 outsize=29639 kw=_RECEIVE_SHADOWS _CASCADE_BLEND_SOFT _DIRECTIONAL_PCF5 _EmissionPointOff pd=UNITY_NO_DXT5nm UNITY_ENABLE_REFLECTION_BUFFERS UNITY_NO_CUBEMAP_ARRAY UNITY_NO_SCREENSPACE_SHADOWS UNITY_PBS_USE_BRDF2 SHADER_API_DESKTOP UNITY_COLORSPACE_GAMMA UNITY_LIGHTMAP_DLDR_ENCODING ok=1
Cmd: preprocess
  insize=25703 outsize=4646 ok=1
Cmd: compileSnippet
  api=14 type=0 insize=13882 outsize=5109 kw=_RECEIVE_SHADOWS _CASCADE_BLEND_SOFT _DIRECTIONAL_PCF5 _EmissionPointOff pd=UNITY_NO_DXT5nm UNITY_ENABLE_REFLECTION_BUFFERS UNITY_NO_CUBEMAP_ARRAY UNITY_NO_SCREENSPACE_SHADOWS UNITY_PBS_USE_BRDF2 SHADER_API_DESKTOP UNITY_COLORSPACE_GAMMA UNITY_LIGHTMAP_DLDR_ENCODING ok=1
Cmd: compileSnippet
  api=14 type=1 insize=13882 outsize=29639 kw=_RECEIVE_SHADOWS _CASCADE_BLEND_SOFT _DIRECTIONAL_PCF5 _EmissionPointOff pd=UNITY_NO_DXT5nm UNITY_ENABLE_REFLECTION_BUFFERS UNITY_NO_CUBEMAP_ARRAY UNITY_NO_SCREENSPACE_SHADOWS UNITY_PBS_USE_BRDF2 SHADER_API_DESKTOP UNITY_COLORSPACE_GAMMA UNITY_LIGHTMAP_DLDR_ENCODING ok=1
Cmd: preprocess
  insize=4166 outsize=2204 ok=1
Cmd: preprocess
  insize=13876 outsize=2276 ok=1
Cmd: preprocess
  insize=2652 outsize=662 ok=1
Cmd: preprocess
  insize=28398 outsize=4024 ok=1
Cmd: preprocess
  insize=4788 outsize=753 ok=1
Cmd: preprocess
  insize=41282 outsize=4245 ok=1
Cmd: preprocess
  insize=22762 outsize=3583 ok=1
Cmd: preprocess
  insize=3965 outsize=884 ok=1
Cmd: preprocess
  insize=9909 outsize=1071 ok=1
Cmd: preprocess
  insize=9917 outsize=1077 ok=1
Cmd: preprocess
  insize=25829 outsize=3695 ok=1
Cmd: preprocess
  insize=25135 outsize=3976 ok=1
Cmd: preprocess
  insize=25703 outsize=4646 ok=1
Cmd: preprocess
  insize=2489 outsize=646 ok=1
Cmd: preprocess
  insize=23289 outsize=3353 ok=1
Cmd: preprocess
  insize=11809 outsize=1401 ok=1
Cmd: compileSnippet
  api=14 type=0 insize=13882 outsize=5109 kw=_RECEIVE_SHADOWS _CASCADE_BLEND_SOFT _DIRECTIONAL_PCF5 _EmissionPointOff pd=UNITY_NO_DXT5nm UNITY_ENABLE_REFLECTION_BUFFERS UNITY_NO_CUBEMAP_ARRAY UNITY_NO_SCREENSPACE_SHADOWS UNITY_PBS_USE_BRDF2 SHADER_API_DESKTOP UNITY_COLORSPACE_GAMMA UNITY_LIGHTMAP_DLDR_ENCODING ok=1
Cmd: compileSnippet
  api=14 type=1 insize=13882 outsize=29652 kw=_RECEIVE_SHADOWS _CASCADE_BLEND_SOFT _DIRECTIONAL_PCF5 _EmissionPointOff pd=UNITY_NO_DXT5nm UNITY_ENABLE_REFLECTION_BUFFERS UNITY_NO_CUBEMAP_ARRAY UNITY_NO_SCREENSPACE_SHADOWS UNITY_PBS_USE_BRDF2 SHADER_API_DESKTOP UNITY_COLORSPACE_GAMMA UNITY_LIGHTMAP_DLDR_ENCODING ok=1
Cmd: preprocess
  insize=4166 outsize=2204 ok=1
Cmd: preprocess
  insize=4224 outsize=2204 ok=1
